C51 COMPILER V9.59.0.0   MAIN_PROJECT                                                      11/17/2018 17:43:07 PAGE 1   


C51 COMPILER V9.59.0.0, COMPILATION OF MODULE MAIN_PROJECT
OBJECT MODULE PLACED IN .\Objects\main Project.obj
COMPILER INVOKED BY: C:\programing languages\keil\C51\BIN\C51.EXE main Project.c OPTIMIZE(8,SPEED) BROWSE DEBUG OBJECTEX
                    -TEND PRINT(.\Listings\main Project.lst) TABS(2) OBJECT(.\Objects\main Project.obj)

line level    source

   1          #include <REG52.H>
   2          char xdata key[11] = {'.','t','i','e','5','R','o','n','a','l','\0'};
   3          unsigned short xdata UserA[9] = {0,0,0,0,0,0,0,0,0};
   4          unsigned short xdata UserB[9] = {0,0,0,0,0,0,0,0,0};
   5          unsigned short xdata time1[9] = {0,0,0,0,0,0,0,0,0};
   6          unsigned char data filledB _at_ 0x44 ;
   7          unsigned char data trialCounter _at_ 0x48;
   8          char data chr _at_ 0x4C;
   9          unsigned short data integer _at_ 0x50;
  10          unsigned short data time _at_ 0x52;
  11          float data da _at_ 0x58;
  12          float data db _at_ 0x65 ;
  13          sbit switchUser = P0^0;
  14          sbit switchMode = P0^1;
  15          sbit switchToUser = P0^2;
  16          sbit switchToTest = P0^3;
  17          sbit rightAnswer = P0^4;
  18          sbit wrongLetter = P0^5;
  19          sbit switchToUserA = P0^6;
  20          sbit switchToUserB = P0^7;
  21          double sqrt(double square)
  22          {
  23   1          double root=square/3;
  24   1          int i;
  25   1          if (square <= 0) return 0;
  26   1          for (i=0; i<32; i++)
  27   1              root = (root + square / root) / 2;
  28   1          return root;
  29   1      }
  30          void T0_ISR(void) interrupt 1 {
  31   1        time ++;
  32   1        TH0 = 0xFC;
  33   1        TL0 = 0x67;
  34   1        TF0 = 0;
  35   1      }
  36          void main (void) {
  37   1        SCON = 0x50;
  38   1        TMOD |= 0x20;
  39   1        TH1 = 0xFF;
  40   1        TR1 = 1;
  41   1        TI = 1;
  42   1        integer = 0;
  43   1        filledB = 0;
  44   1        ET0 = 1;
  45   1        EA = 1;
  46   1        TMOD = (TMOD & 0xF0) | 0x09;
  47   1        while(1){
  48   2          if(switchMode==1){
  49   3            switchToTest = 1;
  50   3            switchToUser = 0;
  51   3            wrongLetter = 0;
  52   3            rightAnswer = 0;
  53   3            for(integer = 9; integer>0;integer--){
  54   4              UserA[integer-1] /=5;
C51 COMPILER V9.59.0.0   MAIN_PROJECT                                                      11/17/2018 17:43:07 PAGE 2   

  55   4              UserB[integer-1] /=5;
  56   4            }
  57   3            break;
  58   3          }
  59   2          if(filledB == 2){
  60   3            switchToTest = ~switchToTest;
  61   3            continue;
  62   3          }
  63   2          else
  64   2            if(trialCounter == 5 && switchUser == 1){
  65   3              filledB ++;
  66   3              if(filledB == 2) continue;
  67   3              trialCounter = 0;
  68   3              switchToUser = 1;
  69   3            }
  70   2            else
  71   2              if(trialCounter == 5 && switchUser == 0){
  72   3                switchToUser = ~switchToUser;
  73   3                continue;
  74   3              }
  75   2          chr = _getkey();
*** WARNING C206 IN LINE 75 OF main Project.c: '_getkey': missing function-prototype
  76   2          wrongLetter = 0;
  77   2          rightAnswer = 0;
  78   2          TR0 = 0;
  79   2          if(chr != key[integer]){
  80   3            wrongLetter = 1;
  81   3            integer = 0;
  82   3            continue;
  83   3          }
  84   2          else
  85   2            integer++;
  86   2          if(integer >=2){
  87   3            time1[integer-2] = time;
  88   3          } 
  89   2          if(integer == 10){
  90   3            trialCounter ++;
  91   3            while(integer >0){
  92   4              integer --;
  93   4              if(switchUser == 0)
  94   4                UserA[integer-1] += time1[integer-1];
  95   4              else
  96   4                UserB[integer-1] += time1[integer-1];
  97   4            }
  98   3            integer = 0;
  99   3            rightAnswer = 1;
 100   3          }
 101   2          time = 0;
 102   2          TH0 = 0xFC;
 103   2          TL0 = 0x67;
 104   2          TR0 = 1;
 105   2        }
 106   1        while(1){
 107   2          while(1){
 108   3            chr = _getkey();
 109   3            switchToUserA=0; switchToUserB = 0;
 110   3            wrongLetter = 0;
 111   3            rightAnswer = 0;
 112   3            TR0 = 0;
 113   3            if(chr != key[integer]){
 114   4              wrongLetter = 1;
 115   4              integer = 0;
C51 COMPILER V9.59.0.0   MAIN_PROJECT                                                      11/17/2018 17:43:07 PAGE 3   

 116   4              continue;
 117   4            }
 118   3            else
 119   3              integer++;
 120   3            if(integer >=2){
 121   4              time1[integer-2] = time;
 122   4            } 
 123   3              if(integer == 10){
 124   4                da,db = 0.0;
 125   4                while(integer >0){
 126   5                  integer --;
 127   5                  da += ((short)(time1[integer-1]-UserA[integer-1])*(short)(time1[integer-1]-UserA[integer-1]));
 128   5                  db += ((short)(time1[integer-1]-UserB[integer-1])*(short)(time1[integer-1]-UserB[integer-1]));
 129   5                }
 130   4              integer = 0;
 131   4              rightAnswer = 1;
 132   4              break;
 133   4            }
 134   3            time = 0;
 135   3            TH0 = 0xFC;
 136   3            TL0 = 0x67;
 137   3            TR0 = 1;  
 138   3          }
 139   2          da = sqrt(da);
 140   2          db = sqrt(db);
 141   2          if(da < db)
 142   2            switchToUserA = 1;
 143   2          else
 144   2            switchToUserB = 1;
 145   2        }
 146   1      }


MODULE INFORMATION:   STATIC OVERLAYABLE
   CODE SIZE        =    956    ----
   CONSTANT SIZE    =   ----    ----
   XDATA SIZE       =     65    ----
   PDATA SIZE       =   ----    ----
   DATA SIZE        =   ----      10
   IDATA SIZE       =   ----    ----
   BIT SIZE         =   ----    ----
END OF MODULE INFORMATION.


C51 COMPILATION COMPLETE.  1 WARNING(S),  0 ERROR(S)
